2026-06-28T16:46:00.113-04:00  INFO 5376 --- [boleta-service] [restartedMain] c.l.b.BoletaServiceApplication           : Starting BoletaServiceApplication using Java 26.0.1 with PID 5376 (C:\Users\claud\Downloads\Entregables v2\boleta-service\target\classes started by claud in C:\Users\claud\Downloads\Entregables v2\boleta-service)
2026-06-28T16:46:00.115-04:00  INFO 5376 --- [boleta-service] [restartedMain] c.l.b.BoletaServiceApplication           : The following 1 profile is active: "dev"
2026-06-28T16:46:00.149-04:00  INFO 5376 --- [boleta-service] [restartedMain] .e.DevToolsPropertyDefaultsPostProcessor : Devtools property defaults active! Set 'spring.devtools.add-properties' to 'false' to disable
2026-06-28T16:46:00.150-04:00  INFO 5376 --- [boleta-service] [restartedMain] .e.DevToolsPropertyDefaultsPostProcessor : For additional web related logging consider setting the 'logging.level.web' property to 'DEBUG'
2026-06-28T16:46:00.721-04:00  INFO 5376 --- [boleta-service] [restartedMain] .s.d.r.c.RepositoryConfigurationDelegate : Bootstrapping Spring Data JPA repositories in DEFAULT mode.
2026-06-28T16:46:00.827-04:00  INFO 5376 --- [boleta-service] [restartedMain] .s.d.r.c.RepositoryConfigurationDelegate : Finished Spring Data repository scanning in 95 ms. Found 1 JPA repository interface.
2026-06-28T16:46:01.197-04:00  INFO 5376 --- [boleta-service] [restartedMain] o.s.b.w.embedded.tomcat.TomcatWebServer  : Tomcat initialized with port 8084 (http)
2026-06-28T16:46:01.207-04:00  INFO 5376 --- [boleta-service] [restartedMain] o.apache.catalina.core.StandardService   : Starting service [Tomcat]
2026-06-28T16:46:01.207-04:00  INFO 5376 --- [boleta-service] [restartedMain] o.apache.catalina.core.StandardEngine    : Starting Servlet engine: [Apache Tomcat/10.1.54]
2026-06-28T16:46:01.260-04:00  INFO 5376 --- [boleta-service] [restartedMain] o.a.c.c.C.[Tomcat].[localhost].[/]       : Initializing Spring embedded WebApplicationContext
2026-06-28T16:46:01.260-04:00  INFO 5376 --- [boleta-service] [restartedMain] w.s.c.ServletWebServerApplicationContext : Root WebApplicationContext: initialization completed in 1109 ms
2026-06-28T16:46:01.452-04:00  INFO 5376 --- [boleta-service] [restartedMain] com.zaxxer.hikari.HikariDataSource       : HikariPool-1 - Starting...
2026-06-28T16:46:01.692-04:00  INFO 5376 --- [boleta-service] [restartedMain] com.zaxxer.hikari.pool.HikariPool        : HikariPool-1 - Added connection com.mysql.cj.jdbc.ConnectionImpl@5e13a2c2
2026-06-28T16:46:01.693-04:00  INFO 5376 --- [boleta-service] [restartedMain] com.zaxxer.hikari.HikariDataSource       : HikariPool-1 - Start completed.
2026-06-28T16:46:01.726-04:00  INFO 5376 --- [boleta-service] [restartedMain] org.flywaydb.core.FlywayExecutor         : Database: jdbc:mysql://localhost:3306/db_lovable_dev (MySQL 8.4)
2026-06-28T16:46:01.735-04:00  WARN 5376 --- [boleta-service] [restartedMain] o.f.c.internal.database.base.Database    : Flyway upgrade recommended: MySQL 8.4 is newer than this version of Flyway and support has not been tested. The latest supported version of MySQL is 8.1.
2026-06-28T16:46:01.765-04:00  INFO 5376 --- [boleta-service] [restartedMain] o.f.core.internal.command.DbValidate     : Successfully validated 2 migrations (execution time 00:00.021s)
2026-06-28T16:46:01.779-04:00  INFO 5376 --- [boleta-service] [restartedMain] o.f.core.internal.command.DbMigrate      : Current version of schema `db_lovable_dev`: 1
2026-06-28T16:46:01.782-04:00  INFO 5376 --- [boleta-service] [restartedMain] o.f.core.internal.command.DbMigrate      : Schema `db_lovable_dev` is up to date. No migration necessary.
2026-06-28T16:46:01.841-04:00  INFO 5376 --- [boleta-service] [restartedMain] o.hibernate.jpa.internal.util.LogHelper  : HHH000204: Processing PersistenceUnitInfo [name: default]
2026-06-28T16:46:01.879-04:00  INFO 5376 --- [boleta-service] [restartedMain] org.hibernate.Version                    : HHH000412: Hibernate ORM core version 6.6.49.Final
2026-06-28T16:46:01.906-04:00  INFO 5376 --- [boleta-service] [restartedMain] o.h.c.internal.RegionFactoryInitiator    : HHH000026: Second-level cache disabled
2026-06-28T16:46:02.108-04:00  INFO 5376 --- [boleta-service] [restartedMain] o.s.o.j.p.SpringPersistenceUnitInfo      : No LoadTimeWeaver setup: ignoring JPA class transformer
2026-06-28T16:46:02.170-04:00  INFO 5376 --- [boleta-service] [restartedMain] org.hibernate.orm.connections.pooling    : HHH10001005: Database info:
	Database JDBC URL [Connecting through datasource 'HikariDataSource (HikariPool-1)']
	Database driver: undefined/unknown
	Database version: 8.4.3
	Autocommit mode: undefined/unknown
	Isolation level: undefined/unknown
	Minimum pool size: undefined/unknown
	Maximum pool size: undefined/unknown
2026-06-28T16:46:02.738-04:00  INFO 5376 --- [boleta-service] [restartedMain] o.h.e.t.j.p.i.JtaPlatformInitiator       : HHH000489: No JTA platform available (set 'hibernate.transaction.jta.platform' to enable JTA platform integration)
2026-06-28T16:46:02.770-04:00  INFO 5376 --- [boleta-service] [restartedMain] j.LocalContainerEntityManagerFactoryBean : Initialized JPA EntityManagerFactory for persistence unit 'default'
2026-06-28T16:46:03.006-04:00  WARN 5376 --- [boleta-service] [restartedMain] JpaBaseConfiguration$JpaWebConfiguration : spring.jpa.open-in-view is enabled by default. Therefore, database queries may be performed during view rendering. Explicitly configure spring.jpa.open-in-view to disable this warning
2026-06-28T16:46:03.269-04:00  WARN 5376 --- [boleta-service] [restartedMain] o.s.b.d.a.OptionalLiveReloadServer       : Unable to start LiveReload server
2026-06-28T16:46:03.331-04:00  INFO 5376 --- [boleta-service] [restartedMain] o.s.b.w.embedded.tomcat.TomcatWebServer  : Tomcat started on port 8084 (http) with context path '/'
2026-06-28T16:46:03.338-04:00  INFO 5376 --- [boleta-service] [restartedMain] c.l.b.BoletaServiceApplication           : Started BoletaServiceApplication in 3.575 seconds (process running for 4.117)
2026-06-28T16:57:32.827-04:00  INFO 5376 --- [boleta-service] [SpringApplicationShutdownHook] o.s.b.w.e.tomcat.GracefulShutdown        : Commencing graceful shutdown. Waiting for active requests to complete
2026-06-28T16:57:32.835-04:00  INFO 5376 --- [boleta-service] [tomcat-shutdown] o.s.b.w.e.tomcat.GracefulShutdown        : Graceful shutdown complete
2026-06-28T16:57:32.853-04:00  INFO 5376 --- [boleta-service] [SpringApplicationShutdownHook] j.LocalContainerEntityManagerFactoryBean : Closing JPA EntityManagerFactory for persistence unit 'default'
2026-06-28T16:57:32.855-04:00  INFO 5376 --- [boleta-service] [SpringApplicationShutdownHook] com.zaxxer.hikari.HikariDataSource       : HikariPool-1 - Shutdown initiated...
2026-06-28T16:57:32.860-04:00  INFO 5376 --- [boleta-service] [SpringApplicationShutdownHook] com.zaxxer.hikari.HikariDataSource       : HikariPool-1 - Shutdown completed.
